<?xml version="1.0" encoding="UTF-8"?>
<!-- Generated by org.testng.reporters.JUnitReportReporter -->
<testsuite skipped="0" hostname="IN-HBharish-1" name="com.ta3s.testcases.LoginTest" tests="1" failures="0" timestamp="03 Apr 2017 07:24:46 GMT" time="65.468" errors="0">
  <testcase name="SignIn" time="65.468" classname="com.ta3s.testcases.LoginTest"/>
</testsuite> <!-- com.ta3s.testcases.LoginTest -->
